<?xml version="1.0" encoding="UTF-8"?>
<!-- Generated by org.testng.reporters.JUnitReportReporter -->
<testsuite skipped="0" hostname="DESKTOP-S75L4FU" name="com.src.test.TestLayer.SignOnPageTest" tests="1" failures="0" timestamp="10 Apr 2019 11:04:49 GMT" time="33.611" errors="0">
  <testcase name="registrationFrom" time="33.611" classname="com.src.test.TestLayer.SignOnPageTest"/>
</testsuite> <!-- com.src.test.TestLayer.SignOnPageTest -->
