<?xml version="1.0" encoding="UTF-8"?>
<!-- Generated by org.testng.reporters.JUnitReportReporter -->
<testsuite skipped="0" hostname="DESKTOP-S75L4FU" name="com.src.test.TestLayer.HomePageTest_PIM" tests="1" failures="0" timestamp="08 Apr 2019 08:17:12 GMT" time="39.031" errors="0">
  <testcase name="senarioTest" time="39.031" classname="com.src.test.TestLayer.HomePageTest_PIM"/>
</testsuite> <!-- com.src.test.TestLayer.HomePageTest_PIM -->
