<?xml version="1.0" encoding="UTF-8"?>
<!-- Generated by org.testng.reporters.JUnitReportReporter -->
<testsuite skipped="0" hostname="DESKTOP-S75L4FU" name="com.src.test.TestLayer.RegisterFormPageTest" tests="4" failures="0" timestamp="11 Apr 2019 18:30:21 GMT" time="28.800" errors="0">
  <testcase name="validateFillForm" time="13.067" classname="com.src.test.TestLayer.RegisterFormPageTest"/>
  <testcase name="credentialTest" time="3.121" classname="com.src.test.TestLayer.RegisterFormPageTest"/>
  <testcase name="test3" time="7.476" classname="com.src.test.TestLayer.RegisterFormPageTest"/>
  <testcase name="addDetailsAboutTicket" time="5.136" classname="com.src.test.TestLayer.RegisterFormPageTest"/>
</testsuite> <!-- com.src.test.TestLayer.RegisterFormPageTest -->
