<?xml version="1.0" encoding="UTF-8"?>
<!-- Generated by org.testng.reporters.JUnitReportReporter -->
<testsuite skipped="0" hostname="DESKTOP-S75L4FU" name="com.src.test.TestLayer.LoginPageTest" tests="1" failures="0" timestamp="08 Apr 2019 06:00:11 GMT" time="19.580" errors="0">
  <testcase name="loginPageTest" time="19.580" classname="com.src.test.TestLayer.LoginPageTest"/>
</testsuite> <!-- com.src.test.TestLayer.LoginPageTest -->
