<?xml version="1.0" encoding="UTF-8"?>
<!-- Generated by org.testng.reporters.JUnitReportReporter -->
<testsuite skipped="0" hostname="DESKTOP-S75L4FU" name="com.src.test.TestLayer.HomePageTest" tests="1" failures="0" timestamp="10 Apr 2019 10:45:08 GMT" time="20.320" errors="0">
  <testcase name="HomepageTest" time="20.320" classname="com.src.test.TestLayer.HomePageTest"/>
</testsuite> <!-- com.src.test.TestLayer.HomePageTest -->
